C:\Program Files (x86)\Microsoft Visual Studio\2019\Community\MSBuild\Microsoft\VC\v160\Microsoft.CppBuild.targets(498,5): warning MSB8004: Intermediate 디렉터리가 슬래시로 끝나지 않습니다. Intermediate 디렉터리의 적절한 평가를 허용하는 데 필요하므로 이 빌드 인스턴스에서 슬래시를 추가합니다.
  Main.cpp
D:\Github\Dx113D-Minecraft\D3D\AssimpConverter\Main.h(45,1): warning C4099: 'VertexWeights': 처음에는 'class'을(를) 사용하여 형식 이름을 표시했는데 이제는 'struct'을(를) 사용하여 표시합니다.
D:\Github\Dx113D-Minecraft\D3D\AssimpConverter\Main.h(44): message : 'VertexWeights' 선언을 참조하십시오.
D:\Github\Dx113D-Minecraft\D3D\AssimpConverter\Main.cpp(84,36): warning C4267: '초기화 중': 'size_t'에서 'int'(으)로 변환하면서 데이터가 손실될 수 있습니다.
D:\Github\Dx113D-Minecraft\D3D\AssimpConverter\Main.cpp(473,35): warning C4267: '초기화 중': 'size_t'에서 'int'(으)로 변환하면서 데이터가 손실될 수 있습니다.
D:\Github\Dx113D-Minecraft\D3D\AssimpConverter\Main.cpp(533,37): warning C4267: '초기화 중': 'size_t'에서 'int'(으)로 변환하면서 데이터가 손실될 수 있습니다.
D:\Github\Dx113D-Minecraft\D3D\AssimpConverter\Main.cpp(557,37): warning C4267: '초기화 중': 'size_t'에서 'int'(으)로 변환하면서 데이터가 손실될 수 있습니다.
C:\Program Files (x86)\Microsoft Visual Studio\2019\Community\VC\Tools\MSVC\14.29.30133\include\xutility(142,1): warning C4267: '인수': 'size_t'에서 'UINT'(으)로 변환하면서 데이터가 손실될 수 있습니다.
C:\Program Files (x86)\Microsoft Visual Studio\2019\Community\VC\Tools\MSVC\14.29.30133\include\memory(2006): message : 컴파일되는 함수 템플릿 인스턴스화 'void std::_Construct_in_place<_Ty,VertexModel*&,unsigned __int64,UINT*&,unsigned __int64,VertexType>(_Ty &,VertexModel *&,unsigned __int64 &&,UINT *&,unsigned __int64 &&,VertexType &&) noexcept(false)'에 대한 참조를 확인하세요.
          with
          [
              _Ty=Mesh
          ]
C:\Program Files (x86)\Microsoft Visual Studio\2019\Community\VC\Tools\MSVC\14.29.30133\include\memory(2725): message : 컴파일되는 함수 템플릿 인스턴스화 'std::_Ref_count_obj2<_Ty>::_Ref_count_obj2<VertexModel*&,unsigned __int64,UINT*&,unsigned __int64,VertexType>(VertexModel *&,unsigned __int64 &&,UINT *&,unsigned __int64 &&,VertexType &&)'에 대한 참조를 확인하세요.
          with
          [
              _Ty=Mesh
          ]
C:\Program Files (x86)\Microsoft Visual Studio\2019\Community\VC\Tools\MSVC\14.29.30133\include\memory(2726): message : 컴파일되는 함수 템플릿 인스턴스화 'std::_Ref_count_obj2<_Ty>::_Ref_count_obj2<VertexModel*&,unsigned __int64,UINT*&,unsigned __int64,VertexType>(VertexModel *&,unsigned __int64 &&,UINT *&,unsigned __int64 &&,VertexType &&)'에 대한 참조를 확인하세요.
          with
          [
              _Ty=Mesh
          ]
D:\Github\Dx113D-Minecraft\D3D\AssimpConverter\Main.cpp(529): message : 컴파일되는 함수 템플릿 인스턴스화 'std::shared_ptr<Mesh> std::make_shared<Mesh,VertexModel*&,unsigned __int64,UINT*&,unsigned __int64,VertexType>(VertexModel *&,unsigned __int64 &&,UINT *&,unsigned __int64 &&,VertexType &&)'에 대한 참조를 확인하세요.
     D:\Github\Dx113D-Minecraft\D3D\\Build\AssimpConverter.lib 라이브러리 및 D:\Github\Dx113D-Minecraft\D3D\\Build\AssimpConverter.exp 개체를 생성하고 있습니다.
  AssimpConverter.vcxproj -> D:\Github\Dx113D-Minecraft\D3D\Build\AssimpConverter.exe
