  Chunk.cpp
D:\Github\Dx113D-Minecraft\D3D\Game2\Chunk.cpp(35,72): warning C4244: '인수': 'int'에서 'float'(으)로 변환하면서 데이터가 손실될 수 있습니다.
D:\Github\Dx113D-Minecraft\D3D\Game2\Chunk.cpp(35,54): warning C4244: '인수': 'int'에서 'float'(으)로 변환하면서 데이터가 손실될 수 있습니다.
D:\Github\Dx113D-Minecraft\D3D\Game2\Chunk.cpp(35,49): warning C4244: '인수': 'int'에서 'float'(으)로 변환하면서 데이터가 손실될 수 있습니다.
D:\Github\Dx113D-Minecraft\D3D\Game2\Chunk.cpp(83,19): warning C4267: 'return': 'size_t'에서 'int'(으)로 변환하면서 데이터가 손실될 수 있습니다.
D:\Github\Dx113D-Minecraft\D3D\Game2\Chunk.cpp(88,19): warning C4267: 'return': 'size_t'에서 'int'(으)로 변환하면서 데이터가 손실될 수 있습니다.
D:\Github\Dx113D-Minecraft\D3D\Game2\Chunk.cpp(119,30): warning C4244: '=': 'int'에서 'float'(으)로 변환하면서 데이터가 손실될 수 있습니다.
D:\Github\Dx113D-Minecraft\D3D\Game2\Chunk.cpp(121,30): warning C4244: '=': 'int'에서 'float'(으)로 변환하면서 데이터가 손실될 수 있습니다.
D:\Github\Dx113D-Minecraft\D3D\Game2\Chunk.cpp(133,30): warning C4244: '=': 'int'에서 'float'(으)로 변환하면서 데이터가 손실될 수 있습니다.
D:\Github\Dx113D-Minecraft\D3D\Game2\Chunk.cpp(135,30): warning C4244: '=': 'int'에서 'float'(으)로 변환하면서 데이터가 손실될 수 있습니다.
D:\Github\Dx113D-Minecraft\D3D\Game2\Chunk.cpp(148,29): warning C4244: '=': 'int'에서 'float'(으)로 변환하면서 데이터가 손실될 수 있습니다.
D:\Github\Dx113D-Minecraft\D3D\Game2\Chunk.cpp(150,29): warning C4244: '=': 'int'에서 'float'(으)로 변환하면서 데이터가 손실될 수 있습니다.
D:\Github\Dx113D-Minecraft\D3D\Game2\Chunk.cpp(175,30): warning C4244: '=': 'int'에서 'float'(으)로 변환하면서 데이터가 손실될 수 있습니다.
D:\Github\Dx113D-Minecraft\D3D\Game2\Chunk.cpp(177,30): warning C4244: '=': 'int'에서 'float'(으)로 변환하면서 데이터가 손실될 수 있습니다.
D:\Github\Dx113D-Minecraft\D3D\Game2\Chunk.cpp(187,30): warning C4244: '=': 'int'에서 'float'(으)로 변환하면서 데이터가 손실될 수 있습니다.
D:\Github\Dx113D-Minecraft\D3D\Game2\Chunk.cpp(189,30): warning C4244: '=': 'int'에서 'float'(으)로 변환하면서 데이터가 손실될 수 있습니다.
D:\Github\Dx113D-Minecraft\D3D\Game2\Chunk.cpp(202,29): warning C4244: '=': 'int'에서 'float'(으)로 변환하면서 데이터가 손실될 수 있습니다.
D:\Github\Dx113D-Minecraft\D3D\Game2\Chunk.cpp(204,29): warning C4244: '=': 'int'에서 'float'(으)로 변환하면서 데이터가 손실될 수 있습니다.
D:\Github\Dx113D-Minecraft\D3D\Game2\Chunk.cpp(229,30): warning C4244: '=': 'int'에서 'float'(으)로 변환하면서 데이터가 손실될 수 있습니다.
D:\Github\Dx113D-Minecraft\D3D\Game2\Chunk.cpp(231,30): warning C4244: '=': 'int'에서 'float'(으)로 변환하면서 데이터가 손실될 수 있습니다.
D:\Github\Dx113D-Minecraft\D3D\Game2\Chunk.cpp(243,34): warning C4244: '=': 'int'에서 'float'(으)로 변환하면서 데이터가 손실될 수 있습니다.
D:\Github\Dx113D-Minecraft\D3D\Game2\Chunk.cpp(245,34): warning C4244: '=': 'int'에서 'float'(으)로 변환하면서 데이터가 손실될 수 있습니다.
D:\Github\Dx113D-Minecraft\D3D\Game2\Chunk.cpp(258,33): warning C4244: '=': 'int'에서 'float'(으)로 변환하면서 데이터가 손실될 수 있습니다.
D:\Github\Dx113D-Minecraft\D3D\Game2\Chunk.cpp(260,33): warning C4244: '=': 'int'에서 'float'(으)로 변환하면서 데이터가 손실될 수 있습니다.
D:\Github\Dx113D-Minecraft\D3D\Game2\Chunk.cpp(285,30): warning C4244: '=': 'int'에서 'float'(으)로 변환하면서 데이터가 손실될 수 있습니다.
D:\Github\Dx113D-Minecraft\D3D\Game2\Chunk.cpp(287,30): warning C4244: '=': 'int'에서 'float'(으)로 변환하면서 데이터가 손실될 수 있습니다.
D:\Github\Dx113D-Minecraft\D3D\Game2\Chunk.cpp(299,34): warning C4244: '=': 'int'에서 'float'(으)로 변환하면서 데이터가 손실될 수 있습니다.
D:\Github\Dx113D-Minecraft\D3D\Game2\Chunk.cpp(301,34): warning C4244: '=': 'int'에서 'float'(으)로 변환하면서 데이터가 손실될 수 있습니다.
D:\Github\Dx113D-Minecraft\D3D\Game2\Chunk.cpp(314,33): warning C4244: '=': 'int'에서 'float'(으)로 변환하면서 데이터가 손실될 수 있습니다.
D:\Github\Dx113D-Minecraft\D3D\Game2\Chunk.cpp(316,33): warning C4244: '=': 'int'에서 'float'(으)로 변환하면서 데이터가 손실될 수 있습니다.
D:\Github\Dx113D-Minecraft\D3D\Game2\Chunk.cpp(343,31): warning C4244: '=': 'int'에서 'float'(으)로 변환하면서 데이터가 손실될 수 있습니다.
D:\Github\Dx113D-Minecraft\D3D\Game2\Chunk.cpp(345,31): warning C4244: '=': 'int'에서 'float'(으)로 변환하면서 데이터가 손실될 수 있습니다.
D:\Github\Dx113D-Minecraft\D3D\Game2\Chunk.cpp(358,34): warning C4244: '=': 'int'에서 'float'(으)로 변환하면서 데이터가 손실될 수 있습니다.
D:\Github\Dx113D-Minecraft\D3D\Game2\Chunk.cpp(360,34): warning C4244: '=': 'int'에서 'float'(으)로 변환하면서 데이터가 손실될 수 있습니다.
D:\Github\Dx113D-Minecraft\D3D\Game2\Chunk.cpp(373,33): warning C4244: '=': 'int'에서 'float'(으)로 변환하면서 데이터가 손실될 수 있습니다.
D:\Github\Dx113D-Minecraft\D3D\Game2\Chunk.cpp(375,33): warning C4244: '=': 'int'에서 'float'(으)로 변환하면서 데이터가 손실될 수 있습니다.
D:\Github\Dx113D-Minecraft\D3D\Game2\Chunk.cpp(402,31): warning C4244: '=': 'int'에서 'float'(으)로 변환하면서 데이터가 손실될 수 있습니다.
D:\Github\Dx113D-Minecraft\D3D\Game2\Chunk.cpp(404,31): warning C4244: '=': 'int'에서 'float'(으)로 변환하면서 데이터가 손실될 수 있습니다.
D:\Github\Dx113D-Minecraft\D3D\Game2\Chunk.cpp(417,34): warning C4244: '=': 'int'에서 'float'(으)로 변환하면서 데이터가 손실될 수 있습니다.
D:\Github\Dx113D-Minecraft\D3D\Game2\Chunk.cpp(419,34): warning C4244: '=': 'int'에서 'float'(으)로 변환하면서 데이터가 손실될 수 있습니다.
D:\Github\Dx113D-Minecraft\D3D\Game2\Chunk.cpp(432,33): warning C4244: '=': 'int'에서 'float'(으)로 변환하면서 데이터가 손실될 수 있습니다.
D:\Github\Dx113D-Minecraft\D3D\Game2\Chunk.cpp(434,33): warning C4244: '=': 'int'에서 'float'(으)로 변환하면서 데이터가 손실될 수 있습니다.
     D:\Github\Dx113D-Minecraft\D3D\\Build\Game2.lib 라이브러리 및 D:\Github\Dx113D-Minecraft\D3D\\Build\Game2.exp 개체를 생성하고 있습니다.
  Game2.vcxproj -> D:\Github\Dx113D-Minecraft\D3D\Build\Game2.exe
