  Animation.cpp
  Billboard.cpp
  BinaryFile.cpp
  BlendState.cpp
  Camera.cpp
  Collider.cpp
  CubeRenderTarget.cpp
  DepthState.cpp
  Dijkstra.cpp
  Direct3D11.cpp
  Dwrite.cpp
  Environment.cpp
  GOImGui.cpp
  GOSaveLoad.cpp
  GameObject.cpp
  Gui.cpp
D:\Github\Dx113D-Minecraft\D3D\2DFrameWork\Dijkstra.cpp(11,12): warning C4267: '인수': 'size_t'에서 'const _Kty'(으)로 변환하면서 데이터가 손실될 수 있습니다.
          with
          [
              _Kty=IGFD_FileStyleFlags
          ]
D:\Github\Dx113D-Minecraft\D3D\2DFrameWork\Dijkstra.cpp(17,17): warning C4267: '=': 'size_t'에서 'int'(으)로 변환하면서 데이터가 손실될 수 있습니다.
D:\Github\Dx113D-Minecraft\D3D\2DFrameWork\Dijkstra.cpp(140,29): warning C4267: '인수': 'size_t'에서 'UINT'(으)로 변환하면서 데이터가 손실될 수 있습니다.
D:\Github\Dx113D-Minecraft\D3D\2DFrameWork\Dijkstra.cpp(145,45): warning C4267: '인수': 'size_t'에서 'UINT'(으)로 변환하면서 데이터가 손실될 수 있습니다.
D:\Github\Dx113D-Minecraft\D3D\2DFrameWork\Dwrite.cpp(176,5): warning C4267: '인수': 'size_t'에서 'UINT32'(으)로 변환하면서 데이터가 손실될 수 있습니다.
D:\Github\Dx113D-Minecraft\D3D\2DFrameWork\Environment.cpp(69,51): warning C4244: '인수': 'int'에서 'float'(으)로 변환하면서 데이터가 손실될 수 있습니다.
D:\Github\Dx113D-Minecraft\D3D\2DFrameWork\Environment.cpp(130,23): warning C4244: '인수': 'int'에서 'float'(으)로 변환하면서 데이터가 손실될 수 있습니다.
D:\Github\Dx113D-Minecraft\D3D\2DFrameWork\Environment.cpp(130,16): warning C4244: '인수': 'int'에서 'float'(으)로 변환하면서 데이터가 손실될 수 있습니다.
D:\Github\Dx113D-Minecraft\D3D\2DFrameWork\Environment.cpp(134,23): warning C4244: '인수': 'int'에서 'float'(으)로 변환하면서 데이터가 손실될 수 있습니다.
D:\Github\Dx113D-Minecraft\D3D\2DFrameWork\Environment.cpp(134,16): warning C4244: '인수': 'int'에서 'float'(으)로 변환하면서 데이터가 손실될 수 있습니다.
D:\Github\Dx113D-Minecraft\D3D\2DFrameWork\CubeRenderTarget.cpp(73,23): warning C4244: '=': 'float'에서 'int'(으)로 변환하면서 데이터가 손실될 수 있습니다.
D:\Github\Dx113D-Minecraft\D3D\2DFrameWork\CubeRenderTarget.cpp(74,24): warning C4244: '=': 'float'에서 'int'(으)로 변환하면서 데이터가 손실될 수 있습니다.
D:\Github\Dx113D-Minecraft\D3D\2DFrameWork\CubeRenderTarget.cpp(98,16): warning C4244: '=': 'float'에서 'int'(으)로 변환하면서 데이터가 손실될 수 있습니다.
D:\Github\Dx113D-Minecraft\D3D\2DFrameWork\CubeRenderTarget.cpp(99,17): warning C4244: '=': 'float'에서 'int'(으)로 변환하면서 데이터가 손실될 수 있습니다.
D:\Github\Dx113D-Minecraft\D3D\2DFrameWork\CubeRenderTarget.cpp(114,16): warning C4244: '=': 'float'에서 'UINT'(으)로 변환하면서 데이터가 손실될 수 있습니다.
D:\Github\Dx113D-Minecraft\D3D\2DFrameWork\CubeRenderTarget.cpp(115,17): warning C4244: '=': 'float'에서 'UINT'(으)로 변환하면서 데이터가 손실될 수 있습니다.
D:\Github\Dx113D-Minecraft\D3D\2DFrameWork\CubeRenderTarget.cpp(154,16): warning C4244: '=': 'float'에서 'UINT'(으)로 변환하면서 데이터가 손실될 수 있습니다.
D:\Github\Dx113D-Minecraft\D3D\2DFrameWork\CubeRenderTarget.cpp(155,17): warning C4244: '=': 'float'에서 'UINT'(으)로 변환하면서 데이터가 손실될 수 있습니다.
D:\Github\Dx113D-Minecraft\D3D\2DFrameWork\CubeRenderTarget.cpp(177,23): warning C4244: '=': 'float'에서 'int'(으)로 변환하면서 데이터가 손실될 수 있습니다.
D:\Github\Dx113D-Minecraft\D3D\2DFrameWork\CubeRenderTarget.cpp(178,24): warning C4244: '=': 'float'에서 'int'(으)로 변환하면서 데이터가 손실될 수 있습니다.
  Input.cpp
  Light.cpp
  Material.cpp
  Mesh.cpp
  Pop.cpp
  PostEffect.cpp
  Rain.cpp
  Random.cpp
  RasterState.cpp
  RenderTarget.cpp
  ResourceManager.cpp
  SceneManager.cpp
  Shader.cpp
  Shadow.cpp
  Skeleton.cpp
  Sky.cpp
D:\Github\Dx113D-Minecraft\D3D\2DFrameWork\Pop.cpp(72,21): warning C4018: '<': signed 또는 unsigned가 일치하지 않습니다.
D:\Github\Dx113D-Minecraft\D3D\2DFrameWork\Rain.cpp(76,21): warning C4018: '<': signed 또는 unsigned가 일치하지 않습니다.
D:\Github\Dx113D-Minecraft\D3D\2DFrameWork\RenderTarget.cpp(100,19): warning C4244: '=': 'float'에서 'int'(으)로 변환하면서 데이터가 손실될 수 있습니다.
D:\Github\Dx113D-Minecraft\D3D\2DFrameWork\RenderTarget.cpp(101,20): warning C4244: '=': 'float'에서 'int'(으)로 변환하면서 데이터가 손실될 수 있습니다.
D:\Github\Dx113D-Minecraft\D3D\2DFrameWork\RenderTarget.cpp(113,22): warning C4244: '=': 'float'에서 'UINT'(으)로 변환하면서 데이터가 손실될 수 있습니다.
D:\Github\Dx113D-Minecraft\D3D\2DFrameWork\RenderTarget.cpp(114,23): warning C4244: '=': 'float'에서 'UINT'(으)로 변환하면서 데이터가 손실될 수 있습니다.
D:\Github\Dx113D-Minecraft\D3D\2DFrameWork\Shadow.cpp(39,58): warning C4244: '인수': 'float'에서 'UINT'(으)로 변환하면서 데이터가 손실될 수 있습니다.
D:\Github\Dx113D-Minecraft\D3D\2DFrameWork\Shadow.cpp(39,50): warning C4244: '인수': 'float'에서 'UINT'(으)로 변환하면서 데이터가 손실될 수 있습니다.
  Sound.cpp
  Terrain.cpp
  Texture.cpp
  Timer.cpp
  Transform.cpp
  UI.cpp
  Util.cpp
  VertexType.cpp
  Window.cpp
  Xml.cpp
D:\Github\Dx113D-Minecraft\D3D\2DFrameWork\Terrain.cpp(206,24): warning C4018: '<': signed 또는 unsigned가 일치하지 않습니다.
D:\Github\Dx113D-Minecraft\D3D\2DFrameWork\Util.cpp(202,32): warning C4244: '=': 'float'에서 'int'(으)로 변환하면서 데이터가 손실될 수 있습니다.
D:\Github\Dx113D-Minecraft\D3D\2DFrameWork\Util.cpp(203,16): warning C4244: '=': 'float'에서 'int'(으)로 변환하면서 데이터가 손실될 수 있습니다.
C:\Program Files (x86)\Microsoft Visual Studio\2019\Community\VC\Tools\MSVC\14.29.30133\include\xstring(2541,23): warning C4244: '인수': 'wchar_t'에서 'const _Elem'(으)로 변환하면서 데이터가 손실될 수 있습니다.
          with
          [
              _Elem=char
          ] (소스 파일 컴파일 중 Util.cpp)
C:\Program Files (x86)\Microsoft Visual Studio\2019\Community\VC\Tools\MSVC\14.29.30133\include\xstring(2552): message : 컴파일되는 함수 템플릿 인스턴스화 'void std::basic_string<char,std::char_traits<char>,std::allocator<char>>::_Construct<_InIt>(_Iter,const _Iter,std::input_iterator_tag)'에 대한 참조를 확인하세요.
          with
          [
              _InIt=wchar_t *,
              _Iter=wchar_t *
          ] (소스 파일 컴파일 중 Util.cpp)
C:\Program Files (x86)\Microsoft Visual Studio\2019\Community\VC\Tools\MSVC\14.29.30133\include\xstring(2552): message : 컴파일되는 함수 템플릿 인스턴스화 'void std::basic_string<char,std::char_traits<char>,std::allocator<char>>::_Construct<_InIt>(_Iter,const _Iter,std::input_iterator_tag)'에 대한 참조를 확인하세요.
          with
          [
              _InIt=wchar_t *,
              _Iter=wchar_t *
          ] (소스 파일 컴파일 중 Util.cpp)
C:\Program Files (x86)\Microsoft Visual Studio\2019\Community\VC\Tools\MSVC\14.29.30133\include\xstring(2532): message : 컴파일되는 함수 템플릿 인스턴스화 'void std::basic_string<char,std::char_traits<char>,std::allocator<char>>::_Construct<_InIt>(const _Iter,const _Iter,std::forward_iterator_tag)'에 대한 참조를 확인하세요.
          with
          [
              _InIt=wchar_t *,
              _Iter=wchar_t *
          ] (소스 파일 컴파일 중 Util.cpp)
C:\Program Files (x86)\Microsoft Visual Studio\2019\Community\VC\Tools\MSVC\14.29.30133\include\xstring(2532): message : 컴파일되는 함수 템플릿 인스턴스화 'void std::basic_string<char,std::char_traits<char>,std::allocator<char>>::_Construct<_InIt>(const _Iter,const _Iter,std::forward_iterator_tag)'에 대한 참조를 확인하세요.
          with
          [
              _InIt=wchar_t *,
              _Iter=wchar_t *
          ] (소스 파일 컴파일 중 Util.cpp)
C:\Program Files (x86)\Microsoft Visual Studio\2019\Community\VC\Tools\MSVC\14.29.30133\include\xstring(3260): message : 컴파일되는 함수 템플릿 인스턴스화 'std::basic_string<char,std::char_traits<char>,std::allocator<char>>::basic_string<wchar_t*,0>(_Iter,_Iter,const _Alloc &)'에 대한 참조를 확인하세요.
          with
          [
              _Iter=wchar_t *,
              _Alloc=std::allocator<char>
          ] (소스 파일 컴파일 중 Util.cpp)
C:\Program Files (x86)\Microsoft Visual Studio\2019\Community\VC\Tools\MSVC\14.29.30133\include\xstring(3260): message : 컴파일되는 함수 템플릿 인스턴스화 'std::basic_string<char,std::char_traits<char>,std::allocator<char>>::basic_string<wchar_t*,0>(_Iter,_Iter,const _Alloc &)'에 대한 참조를 확인하세요.
          with
          [
              _Iter=wchar_t *,
              _Alloc=std::allocator<char>
          ] (소스 파일 컴파일 중 Util.cpp)
D:\Github\Dx113D-Minecraft\D3D\2DFrameWork\Util.cpp(58): message : 컴파일되는 함수 템플릿 인스턴스화 'std::basic_string<char,std::char_traits<char>,std::allocator<char>> &std::basic_string<char,std::char_traits<char>,std::allocator<char>>::assign<std::_String_iterator<std::_String_val<std::_Simple_types<_Elem>>>,0>(const _Iter,const _Iter)'에 대한 참조를 확인하세요.
          with
          [
              _Elem=wchar_t,
              _Iter=std::_String_iterator<std::_String_val<std::_Simple_types<wchar_t>>>
          ]
D:\Github\Dx113D-Minecraft\D3D\2DFrameWork\Util.cpp(58): message : 컴파일되는 함수 템플릿 인스턴스화 'std::basic_string<char,std::char_traits<char>,std::allocator<char>> &std::basic_string<char,std::char_traits<char>,std::allocator<char>>::assign<std::_String_iterator<std::_String_val<std::_Simple_types<_Elem>>>,0>(const _Iter,const _Iter)'에 대한 참조를 확인하세요.
          with
          [
              _Elem=wchar_t,
              _Iter=std::_String_iterator<std::_String_val<std::_Simple_types<wchar_t>>>
          ]
  2DFrameWork.vcxproj -> D:\Github\Dx113D-Minecraft\D3D\Build\2DFrameWork\2DFrameWork.lib
